2011-04-24 21:54:33,318 - Default ResourceManager initializing. (class org.apache.velocity.runtime.resource.ResourceManagerImpl)
2011-04-24 21:54:33,321 - ResourceLoader instantiated: org.apache.velocity.runtime.resource.loader.FileResourceLoader
2011-04-24 21:54:33,322 - Do unicode file recognition:  false
2011-04-24 21:54:33,322 - FileResourceLoader : adding path '.'
2011-04-24 21:54:33,335 - ResourceCache: initialized (class org.apache.velocity.runtime.resource.ResourceCacheImpl)
2011-04-24 21:54:33,336 - Loaded System Directive: org.apache.velocity.runtime.directive.Literal
2011-04-24 21:54:33,338 - Loaded System Directive: org.apache.velocity.runtime.directive.Macro
2011-04-24 21:54:33,339 - Loaded System Directive: org.apache.velocity.runtime.directive.Parse
2011-04-24 21:54:33,341 - Loaded System Directive: org.apache.velocity.runtime.directive.Include
2011-04-24 21:54:33,342 - Loaded System Directive: org.apache.velocity.runtime.directive.Foreach
2011-04-24 21:54:33,383 - Created '20' parsers.
2011-04-24 21:54:33,390 - Velocimacro : "velocimacro.library" is not set.  Trying default library: VM_global_library.vm
2011-04-24 21:54:33,390 - Velocimacro : Default library not found.
2011-04-24 21:54:33,390 - Velocimacro : allowInline = true : VMs can be defined inline in templates
2011-04-24 21:54:33,390 - Velocimacro : allowInlineToOverride = false : VMs defined inline may NOT replace previous VM definitions
2011-04-24 21:54:33,390 - Velocimacro : allowInlineLocal = false : VMs defined inline will be global in scope if allowed.
2011-04-24 21:54:33,390 - Velocimacro : autoload off : VM system will not automatically reload global library macros
2011-04-24 21:56:58,039 - Log4JLogChute initialized using file 'velocity.log'
2011-04-24 21:56:58,039 - Velocity was not initialized! Calling init()...
2011-04-24 21:56:58,039 - Starting Apache Velocity v1.5 (compiled: 2007-02-22 08:52:29)
2011-04-24 21:56:58,040 - Default Properties File: org/apache/velocity/runtime/defaults/velocity.properties
2011-04-24 21:56:58,040 - Trying to use logger class org.apache.velocity.runtime.log.AvalonLogChute
2011-04-24 21:56:58,040 - Couldn't find class org.apache.velocity.runtime.log.AvalonLogChute or necessary supporting classes in classpath.
java.lang.NoClassDefFoundError: org/apache/log/format/Formatter
	at java.lang.Class.forName0(Native Method)
	at java.lang.Class.forName(Class.java:247)
	at org.apache.velocity.util.ClassUtils.getClass(ClassUtils.java:63)
	at org.apache.velocity.util.ClassUtils.getNewInstance(ClassUtils.java:95)
	at org.apache.velocity.runtime.log.LogManager.createLogChute(LogManager.java:147)
	at org.apache.velocity.runtime.log.LogManager.updateLog(LogManager.java:208)
	at org.apache.velocity.runtime.RuntimeInstance.initializeLog(RuntimeInstance.java:728)
	at org.apache.velocity.runtime.RuntimeInstance.init(RuntimeInstance.java:240)
	at org.apache.velocity.runtime.RuntimeInstance.parse(RuntimeInstance.java:993)
	at org.apache.velocity.runtime.RuntimeInstance.parse(RuntimeInstance.java:972)
	at org.apache.velocity.runtime.RuntimeSingleton.parse(RuntimeSingleton.java:265)
	at org.apache.velocity.app.Velocity.evaluate(Velocity.java:274)
	at kr.yuiworld.mavenbook.weather.WeatherFormatter.format(WeatherFormatter.java:20)
	at kr.yuiworld.mavenbook.weather.WeatherFormatterTest.testFormat(WeatherFormatterTest.java:22)
	at sun.reflect.NativeMethodAccessorImpl.invoke0(Native Method)
	at sun.reflect.NativeMethodAccessorImpl.invoke(NativeMethodAccessorImpl.java:39)
	at sun.reflect.DelegatingMethodAccessorImpl.invoke(DelegatingMethodAccessorImpl.java:25)
	at java.lang.reflect.Method.invoke(Method.java:597)
	at junit.framework.TestCase.runTest(TestCase.java:154)
	at junit.framework.TestCase.runBare(TestCase.java:127)
	at junit.framework.TestResult$1.protect(TestResult.java:106)
	at junit.framework.TestResult.runProtected(TestResult.java:124)
	at junit.framework.TestResult.run(TestResult.java:109)
	at junit.framework.TestCase.run(TestCase.java:118)
	at junit.framework.TestSuite.runTest(TestSuite.java:208)
	at junit.framework.TestSuite.run(TestSuite.java:203)
	at sun.reflect.NativeMethodAccessorImpl.invoke0(Native Method)
	at sun.reflect.NativeMethodAccessorImpl.invoke(NativeMethodAccessorImpl.java:39)
	at sun.reflect.DelegatingMethodAccessorImpl.invoke(DelegatingMethodAccessorImpl.java:25)
	at java.lang.reflect.Method.invoke(Method.java:597)
	at org.apache.maven.surefire.junit.JUnitTestSet.execute(JUnitTestSet.java:207)
	at org.apache.maven.surefire.junit.JUnit3Provider.executeTestSet(JUnit3Provider.java:107)
	at org.apache.maven.surefire.junit.JUnit3Provider.invoke(JUnit3Provider.java:79)
	at sun.reflect.NativeMethodAccessorImpl.invoke0(Native Method)
	at sun.reflect.NativeMethodAccessorImpl.invoke(NativeMethodAccessorImpl.java:39)
	at sun.reflect.DelegatingMethodAccessorImpl.invoke(DelegatingMethodAccessorImpl.java:25)
	at java.lang.reflect.Method.invoke(Method.java:597)
	at org.apache.maven.surefire.booter.ProviderFactory$ClassLoaderProxy.invoke(ProviderFactory.java:103)
	at $Proxy0.invoke(Unknown Source)
	at org.apache.maven.surefire.booter.SurefireStarter.invokeProvider(SurefireStarter.java:145)
	at org.apache.maven.surefire.booter.SurefireStarter.runSuitesInProcess(SurefireStarter.java:87)
	at org.apache.maven.surefire.booter.ForkedBooter.main(ForkedBooter.java:69)
Caused by: java.lang.ClassNotFoundException: org.apache.log.format.Formatter
	at java.net.URLClassLoader$1.run(URLClassLoader.java:202)
	at java.security.AccessController.doPrivileged(Native Method)
	at java.net.URLClassLoader.findClass(URLClassLoader.java:190)
	at java.lang.ClassLoader.loadClass(ClassLoader.java:307)
	at sun.misc.Launcher$AppClassLoader.loadClass(Launcher.java:301)
	at java.lang.ClassLoader.loadClass(ClassLoader.java:248)
	... 42 more
2011-04-24 21:56:58,044 - Trying to use logger class org.apache.velocity.runtime.log.Log4JLogChute
2011-04-24 21:56:58,044 - Using logger class org.apache.velocity.runtime.log.Log4JLogChute
2011-04-24 21:56:58,047 - Default ResourceManager initializing. (class org.apache.velocity.runtime.resource.ResourceManagerImpl)
2011-04-24 21:56:58,051 - ResourceLoader instantiated: org.apache.velocity.runtime.resource.loader.FileResourceLoader
2011-04-24 21:56:58,052 - Do unicode file recognition:  false
2011-04-24 21:56:58,053 - FileResourceLoader : adding path '.'
2011-04-24 21:56:58,064 - ResourceCache: initialized (class org.apache.velocity.runtime.resource.ResourceCacheImpl)
2011-04-24 21:56:58,066 - Loaded System Directive: org.apache.velocity.runtime.directive.Literal
2011-04-24 21:56:58,067 - Loaded System Directive: org.apache.velocity.runtime.directive.Macro
2011-04-24 21:56:58,068 - Loaded System Directive: org.apache.velocity.runtime.directive.Parse
2011-04-24 21:56:58,070 - Loaded System Directive: org.apache.velocity.runtime.directive.Include
2011-04-24 21:56:58,071 - Loaded System Directive: org.apache.velocity.runtime.directive.Foreach
2011-04-24 21:56:58,112 - Created '20' parsers.
2011-04-24 21:56:58,119 - Velocimacro : "velocimacro.library" is not set.  Trying default library: VM_global_library.vm
2011-04-24 21:56:58,119 - Velocimacro : Default library not found.
2011-04-24 21:56:58,119 - Velocimacro : allowInline = true : VMs can be defined inline in templates
2011-04-24 21:56:58,119 - Velocimacro : allowInlineToOverride = false : VMs defined inline may NOT replace previous VM definitions
2011-04-24 21:56:58,119 - Velocimacro : allowInlineLocal = false : VMs defined inline will be global in scope if allowed.
2011-04-24 21:56:58,119 - Velocimacro : autoload off : VM system will not automatically reload global library macros
2011-04-24 21:56:59,703 - Log4JLogChute initialized using file 'velocity.log'
2011-04-24 21:56:59,704 - Velocity was not initialized! Calling init()...
2011-04-24 21:56:59,704 - Starting Apache Velocity v1.5 (compiled: 2007-02-22 08:52:29)
2011-04-24 21:56:59,704 - Default Properties File: org/apache/velocity/runtime/defaults/velocity.properties
2011-04-24 21:56:59,704 - Trying to use logger class org.apache.velocity.runtime.log.AvalonLogChute
2011-04-24 21:56:59,705 - Couldn't find class org.apache.velocity.runtime.log.AvalonLogChute or necessary supporting classes in classpath.
java.lang.NoClassDefFoundError: org/apache/log/format/Formatter
	at java.lang.Class.forName0(Native Method)
	at java.lang.Class.forName(Class.java:247)
	at org.apache.velocity.util.ClassUtils.getClass(ClassUtils.java:63)
	at org.apache.velocity.util.ClassUtils.getNewInstance(ClassUtils.java:95)
	at org.apache.velocity.runtime.log.LogManager.createLogChute(LogManager.java:147)
	at org.apache.velocity.runtime.log.LogManager.updateLog(LogManager.java:208)
	at org.apache.velocity.runtime.RuntimeInstance.initializeLog(RuntimeInstance.java:728)
	at org.apache.velocity.runtime.RuntimeInstance.init(RuntimeInstance.java:240)
	at org.apache.velocity.runtime.RuntimeInstance.parse(RuntimeInstance.java:993)
	at org.apache.velocity.runtime.RuntimeInstance.parse(RuntimeInstance.java:972)
	at org.apache.velocity.runtime.RuntimeSingleton.parse(RuntimeSingleton.java:265)
	at org.apache.velocity.app.Velocity.evaluate(Velocity.java:274)
	at kr.yuiworld.mavenbook.weather.WeatherFormatter.format(WeatherFormatter.java:20)
	at kr.yuiworld.mavenbook.weather.WeatherFormatterTest.testFormat(WeatherFormatterTest.java:22)
	at sun.reflect.NativeMethodAccessorImpl.invoke0(Native Method)
	at sun.reflect.NativeMethodAccessorImpl.invoke(NativeMethodAccessorImpl.java:39)
	at sun.reflect.DelegatingMethodAccessorImpl.invoke(DelegatingMethodAccessorImpl.java:25)
	at java.lang.reflect.Method.invoke(Method.java:597)
	at junit.framework.TestCase.runTest(TestCase.java:154)
	at junit.framework.TestCase.runBare(TestCase.java:127)
	at junit.framework.TestResult$1.protect(TestResult.java:106)
	at junit.framework.TestResult.runProtected(TestResult.java:124)
	at junit.framework.TestResult.run(TestResult.java:109)
	at junit.framework.TestCase.run(TestCase.java:118)
	at junit.framework.TestSuite.runTest(TestSuite.java:208)
	at junit.framework.TestSuite.run(TestSuite.java:203)
	at sun.reflect.NativeMethodAccessorImpl.invoke0(Native Method)
	at sun.reflect.NativeMethodAccessorImpl.invoke(NativeMethodAccessorImpl.java:39)
	at sun.reflect.DelegatingMethodAccessorImpl.invoke(DelegatingMethodAccessorImpl.java:25)
	at java.lang.reflect.Method.invoke(Method.java:597)
	at org.apache.maven.surefire.junit.JUnitTestSet.execute(JUnitTestSet.java:207)
	at org.apache.maven.surefire.junit.JUnit3Provider.executeTestSet(JUnit3Provider.java:107)
	at org.apache.maven.surefire.junit.JUnit3Provider.invoke(JUnit3Provider.java:79)
	at sun.reflect.NativeMethodAccessorImpl.invoke0(Native Method)
	at sun.reflect.NativeMethodAccessorImpl.invoke(NativeMethodAccessorImpl.java:39)
	at sun.reflect.DelegatingMethodAccessorImpl.invoke(DelegatingMethodAccessorImpl.java:25)
	at java.lang.reflect.Method.invoke(Method.java:597)
	at org.apache.maven.surefire.booter.ProviderFactory$ClassLoaderProxy.invoke(ProviderFactory.java:103)
	at $Proxy0.invoke(Unknown Source)
	at org.apache.maven.surefire.booter.SurefireStarter.invokeProvider(SurefireStarter.java:145)
	at org.apache.maven.surefire.booter.SurefireStarter.runSuitesInProcess(SurefireStarter.java:87)
	at org.apache.maven.surefire.booter.ForkedBooter.main(ForkedBooter.java:69)
Caused by: java.lang.ClassNotFoundException: org.apache.log.format.Formatter
	at java.net.URLClassLoader$1.run(URLClassLoader.java:202)
	at java.security.AccessController.doPrivileged(Native Method)
	at java.net.URLClassLoader.findClass(URLClassLoader.java:190)
	at java.lang.ClassLoader.loadClass(ClassLoader.java:307)
	at sun.misc.Launcher$AppClassLoader.loadClass(Launcher.java:301)
	at java.lang.ClassLoader.loadClass(ClassLoader.java:248)
	... 42 more
2011-04-24 21:56:59,709 - Trying to use logger class org.apache.velocity.runtime.log.Log4JLogChute
2011-04-24 21:56:59,709 - Using logger class org.apache.velocity.runtime.log.Log4JLogChute
2011-04-24 21:56:59,711 - Default ResourceManager initializing. (class org.apache.velocity.runtime.resource.ResourceManagerImpl)
2011-04-24 21:56:59,714 - ResourceLoader instantiated: org.apache.velocity.runtime.resource.loader.FileResourceLoader
2011-04-24 21:56:59,715 - Do unicode file recognition:  false
2011-04-24 21:56:59,715 - FileResourceLoader : adding path '.'
2011-04-24 21:56:59,726 - ResourceCache: initialized (class org.apache.velocity.runtime.resource.ResourceCacheImpl)
2011-04-24 21:56:59,728 - Loaded System Directive: org.apache.velocity.runtime.directive.Literal
2011-04-24 21:56:59,729 - Loaded System Directive: org.apache.velocity.runtime.directive.Macro
2011-04-24 21:56:59,731 - Loaded System Directive: org.apache.velocity.runtime.directive.Parse
2011-04-24 21:56:59,732 - Loaded System Directive: org.apache.velocity.runtime.directive.Include
2011-04-24 21:56:59,733 - Loaded System Directive: org.apache.velocity.runtime.directive.Foreach
2011-04-24 21:56:59,774 - Created '20' parsers.
2011-04-24 21:56:59,781 - Velocimacro : "velocimacro.library" is not set.  Trying default library: VM_global_library.vm
2011-04-24 21:56:59,782 - Velocimacro : Default library not found.
2011-04-24 21:56:59,782 - Velocimacro : allowInline = true : VMs can be defined inline in templates
2011-04-24 21:56:59,782 - Velocimacro : allowInlineToOverride = false : VMs defined inline may NOT replace previous VM definitions
2011-04-24 21:56:59,782 - Velocimacro : allowInlineLocal = false : VMs defined inline will be global in scope if allowed.
2011-04-24 21:56:59,782 - Velocimacro : autoload off : VM system will not automatically reload global library macros
2011-04-24 21:58:40,336 - Log4JLogChute initialized using file 'velocity.log'
2011-04-24 21:58:40,336 - Velocity was not initialized! Calling init()...
2011-04-24 21:58:40,336 - Starting Apache Velocity v1.5 (compiled: 2007-02-22 08:52:29)
2011-04-24 21:58:40,336 - Default Properties File: org/apache/velocity/runtime/defaults/velocity.properties
2011-04-24 21:58:40,336 - Trying to use logger class org.apache.velocity.runtime.log.AvalonLogChute
2011-04-24 21:58:40,337 - Couldn't find class org.apache.velocity.runtime.log.AvalonLogChute or necessary supporting classes in classpath.
java.lang.NoClassDefFoundError: org/apache/log/format/Formatter
	at java.lang.Class.forName0(Native Method)
	at java.lang.Class.forName(Class.java:247)
	at org.apache.velocity.util.ClassUtils.getClass(ClassUtils.java:63)
	at org.apache.velocity.util.ClassUtils.getNewInstance(ClassUtils.java:95)
	at org.apache.velocity.runtime.log.LogManager.createLogChute(LogManager.java:147)
	at org.apache.velocity.runtime.log.LogManager.updateLog(LogManager.java:208)
	at org.apache.velocity.runtime.RuntimeInstance.initializeLog(RuntimeInstance.java:728)
	at org.apache.velocity.runtime.RuntimeInstance.init(RuntimeInstance.java:240)
	at org.apache.velocity.runtime.RuntimeInstance.parse(RuntimeInstance.java:993)
	at org.apache.velocity.runtime.RuntimeInstance.parse(RuntimeInstance.java:972)
	at org.apache.velocity.runtime.RuntimeSingleton.parse(RuntimeSingleton.java:265)
	at org.apache.velocity.app.Velocity.evaluate(Velocity.java:274)
	at kr.yuiworld.mavenbook.weather.WeatherFormatter.format(WeatherFormatter.java:20)
	at kr.yuiworld.mavenbook.weather.Main.start(Main.java:30)
	at kr.yuiworld.mavenbook.weather.Main.main(Main.java:18)
Caused by: java.lang.ClassNotFoundException: org.apache.log.format.Formatter
	at java.net.URLClassLoader$1.run(URLClassLoader.java:202)
	at java.security.AccessController.doPrivileged(Native Method)
	at java.net.URLClassLoader.findClass(URLClassLoader.java:190)
	at java.lang.ClassLoader.loadClass(ClassLoader.java:307)
	at sun.misc.Launcher$AppClassLoader.loadClass(Launcher.java:301)
	at java.lang.ClassLoader.loadClass(ClassLoader.java:248)
	... 15 more
2011-04-24 21:58:40,339 - Trying to use logger class org.apache.velocity.runtime.log.Log4JLogChute
2011-04-24 21:58:40,339 - Using logger class org.apache.velocity.runtime.log.Log4JLogChute
2011-04-24 21:58:40,341 - Default ResourceManager initializing. (class org.apache.velocity.runtime.resource.ResourceManagerImpl)
2011-04-24 21:58:40,343 - ResourceLoader instantiated: org.apache.velocity.runtime.resource.loader.FileResourceLoader
2011-04-24 21:58:40,344 - Do unicode file recognition:  false
2011-04-24 21:58:40,344 - FileResourceLoader : adding path '.'
2011-04-24 21:58:40,354 - ResourceCache: initialized (class org.apache.velocity.runtime.resource.ResourceCacheImpl)
2011-04-24 21:58:40,356 - Loaded System Directive: org.apache.velocity.runtime.directive.Literal
2011-04-24 21:58:40,357 - Loaded System Directive: org.apache.velocity.runtime.directive.Macro
2011-04-24 21:58:40,358 - Loaded System Directive: org.apache.velocity.runtime.directive.Parse
2011-04-24 21:58:40,359 - Loaded System Directive: org.apache.velocity.runtime.directive.Include
2011-04-24 21:58:40,360 - Loaded System Directive: org.apache.velocity.runtime.directive.Foreach
2011-04-24 21:58:40,387 - Created '20' parsers.
2011-04-24 21:58:40,392 - Velocimacro : "velocimacro.library" is not set.  Trying default library: VM_global_library.vm
2011-04-24 21:58:40,393 - Velocimacro : Default library not found.
2011-04-24 21:58:40,393 - Velocimacro : allowInline = true : VMs can be defined inline in templates
2011-04-24 21:58:40,393 - Velocimacro : allowInlineToOverride = false : VMs defined inline may NOT replace previous VM definitions
2011-04-24 21:58:40,393 - Velocimacro : allowInlineLocal = false : VMs defined inline will be global in scope if allowed.
2011-04-24 21:58:40,393 - Velocimacro : autoload off : VM system will not automatically reload global library macros
2011-04-24 21:58:49,844 - Log4JLogChute initialized using file 'velocity.log'
2011-04-24 21:58:49,845 - Velocity was not initialized! Calling init()...
2011-04-24 21:58:49,845 - Starting Apache Velocity v1.5 (compiled: 2007-02-22 08:52:29)
2011-04-24 21:58:49,845 - Default Properties File: org/apache/velocity/runtime/defaults/velocity.properties
2011-04-24 21:58:49,845 - Trying to use logger class org.apache.velocity.runtime.log.AvalonLogChute
2011-04-24 21:58:49,846 - Couldn't find class org.apache.velocity.runtime.log.AvalonLogChute or necessary supporting classes in classpath.
java.lang.NoClassDefFoundError: org/apache/log/format/Formatter
	at java.lang.Class.forName0(Native Method)
	at java.lang.Class.forName(Class.java:247)
	at org.apache.velocity.util.ClassUtils.getClass(ClassUtils.java:63)
	at org.apache.velocity.util.ClassUtils.getNewInstance(ClassUtils.java:95)
	at org.apache.velocity.runtime.log.LogManager.createLogChute(LogManager.java:147)
	at org.apache.velocity.runtime.log.LogManager.updateLog(LogManager.java:208)
	at org.apache.velocity.runtime.RuntimeInstance.initializeLog(RuntimeInstance.java:728)
	at org.apache.velocity.runtime.RuntimeInstance.init(RuntimeInstance.java:240)
	at org.apache.velocity.runtime.RuntimeInstance.parse(RuntimeInstance.java:993)
	at org.apache.velocity.runtime.RuntimeInstance.parse(RuntimeInstance.java:972)
	at org.apache.velocity.runtime.RuntimeSingleton.parse(RuntimeSingleton.java:265)
	at org.apache.velocity.app.Velocity.evaluate(Velocity.java:274)
	at kr.yuiworld.mavenbook.weather.WeatherFormatter.format(WeatherFormatter.java:20)
	at kr.yuiworld.mavenbook.weather.Main.start(Main.java:30)
	at kr.yuiworld.mavenbook.weather.Main.main(Main.java:18)
Caused by: java.lang.ClassNotFoundException: org.apache.log.format.Formatter
	at java.net.URLClassLoader$1.run(URLClassLoader.java:202)
	at java.security.AccessController.doPrivileged(Native Method)
	at java.net.URLClassLoader.findClass(URLClassLoader.java:190)
	at java.lang.ClassLoader.loadClass(ClassLoader.java:307)
	at sun.misc.Launcher$AppClassLoader.loadClass(Launcher.java:301)
	at java.lang.ClassLoader.loadClass(ClassLoader.java:248)
	... 15 more
2011-04-24 21:58:49,849 - Trying to use logger class org.apache.velocity.runtime.log.Log4JLogChute
2011-04-24 21:58:49,849 - Using logger class org.apache.velocity.runtime.log.Log4JLogChute
2011-04-24 21:58:49,851 - Default ResourceManager initializing. (class org.apache.velocity.runtime.resource.ResourceManagerImpl)
2011-04-24 21:58:49,854 - ResourceLoader instantiated: org.apache.velocity.runtime.resource.loader.FileResourceLoader
2011-04-24 21:58:49,855 - Do unicode file recognition:  false
2011-04-24 21:58:49,855 - FileResourceLoader : adding path '.'
2011-04-24 21:58:49,865 - ResourceCache: initialized (class org.apache.velocity.runtime.resource.ResourceCacheImpl)
2011-04-24 21:58:49,866 - Loaded System Directive: org.apache.velocity.runtime.directive.Literal
2011-04-24 21:58:49,867 - Loaded System Directive: org.apache.velocity.runtime.directive.Macro
2011-04-24 21:58:49,868 - Loaded System Directive: org.apache.velocity.runtime.directive.Parse
2011-04-24 21:58:49,869 - Loaded System Directive: org.apache.velocity.runtime.directive.Include
2011-04-24 21:58:49,870 - Loaded System Directive: org.apache.velocity.runtime.directive.Foreach
2011-04-24 21:58:49,897 - Created '20' parsers.
2011-04-24 21:58:49,903 - Velocimacro : "velocimacro.library" is not set.  Trying default library: VM_global_library.vm
2011-04-24 21:58:49,903 - Velocimacro : Default library not found.
2011-04-24 21:58:49,903 - Velocimacro : allowInline = true : VMs can be defined inline in templates
2011-04-24 21:58:49,903 - Velocimacro : allowInlineToOverride = false : VMs defined inline may NOT replace previous VM definitions
2011-04-24 21:58:49,903 - Velocimacro : allowInlineLocal = false : VMs defined inline will be global in scope if allowed.
2011-04-24 21:58:49,903 - Velocimacro : autoload off : VM system will not automatically reload global library macros
2011-04-24 21:58:53,219 - Log4JLogChute initialized using file 'velocity.log'
2011-04-24 21:58:53,220 - Velocity was not initialized! Calling init()...
2011-04-24 21:58:53,220 - Starting Apache Velocity v1.5 (compiled: 2007-02-22 08:52:29)
2011-04-24 21:58:53,220 - Default Properties File: org/apache/velocity/runtime/defaults/velocity.properties
2011-04-24 21:58:53,220 - Trying to use logger class org.apache.velocity.runtime.log.AvalonLogChute
2011-04-24 21:58:53,220 - Couldn't find class org.apache.velocity.runtime.log.AvalonLogChute or necessary supporting classes in classpath.
java.lang.NoClassDefFoundError: org/apache/log/format/Formatter
	at java.lang.Class.forName0(Native Method)
	at java.lang.Class.forName(Class.java:247)
	at org.apache.velocity.util.ClassUtils.getClass(ClassUtils.java:63)
	at org.apache.velocity.util.ClassUtils.getNewInstance(ClassUtils.java:95)
	at org.apache.velocity.runtime.log.LogManager.createLogChute(LogManager.java:147)
	at org.apache.velocity.runtime.log.LogManager.updateLog(LogManager.java:208)
	at org.apache.velocity.runtime.RuntimeInstance.initializeLog(RuntimeInstance.java:728)
	at org.apache.velocity.runtime.RuntimeInstance.init(RuntimeInstance.java:240)
	at org.apache.velocity.runtime.RuntimeInstance.parse(RuntimeInstance.java:993)
	at org.apache.velocity.runtime.RuntimeInstance.parse(RuntimeInstance.java:972)
	at org.apache.velocity.runtime.RuntimeSingleton.parse(RuntimeSingleton.java:265)
	at org.apache.velocity.app.Velocity.evaluate(Velocity.java:274)
	at kr.yuiworld.mavenbook.weather.WeatherFormatter.format(WeatherFormatter.java:20)
	at kr.yuiworld.mavenbook.weather.Main.start(Main.java:30)
	at kr.yuiworld.mavenbook.weather.Main.main(Main.java:18)
Caused by: java.lang.ClassNotFoundException: org.apache.log.format.Formatter
	at java.net.URLClassLoader$1.run(URLClassLoader.java:202)
	at java.security.AccessController.doPrivileged(Native Method)
	at java.net.URLClassLoader.findClass(URLClassLoader.java:190)
	at java.lang.ClassLoader.loadClass(ClassLoader.java:307)
	at sun.misc.Launcher$AppClassLoader.loadClass(Launcher.java:301)
	at java.lang.ClassLoader.loadClass(ClassLoader.java:248)
	... 15 more
2011-04-24 21:58:53,223 - Trying to use logger class org.apache.velocity.runtime.log.Log4JLogChute
2011-04-24 21:58:53,223 - Using logger class org.apache.velocity.runtime.log.Log4JLogChute
2011-04-24 21:58:53,225 - Default ResourceManager initializing. (class org.apache.velocity.runtime.resource.ResourceManagerImpl)
2011-04-24 21:58:53,227 - ResourceLoader instantiated: org.apache.velocity.runtime.resource.loader.FileResourceLoader
2011-04-24 21:58:53,228 - Do unicode file recognition:  false
2011-04-24 21:58:53,228 - FileResourceLoader : adding path '.'
2011-04-24 21:58:53,238 - ResourceCache: initialized (class org.apache.velocity.runtime.resource.ResourceCacheImpl)
2011-04-24 21:58:53,239 - Loaded System Directive: org.apache.velocity.runtime.directive.Literal
2011-04-24 21:58:53,241 - Loaded System Directive: org.apache.velocity.runtime.directive.Macro
2011-04-24 21:58:53,242 - Loaded System Directive: org.apache.velocity.runtime.directive.Parse
2011-04-24 21:58:53,243 - Loaded System Directive: org.apache.velocity.runtime.directive.Include
2011-04-24 21:58:53,244 - Loaded System Directive: org.apache.velocity.runtime.directive.Foreach
2011-04-24 21:58:53,271 - Created '20' parsers.
2011-04-24 21:58:53,277 - Velocimacro : "velocimacro.library" is not set.  Trying default library: VM_global_library.vm
2011-04-24 21:58:53,277 - Velocimacro : Default library not found.
2011-04-24 21:58:53,277 - Velocimacro : allowInline = true : VMs can be defined inline in templates
2011-04-24 21:58:53,277 - Velocimacro : allowInlineToOverride = false : VMs defined inline may NOT replace previous VM definitions
2011-04-24 21:58:53,277 - Velocimacro : allowInlineLocal = false : VMs defined inline will be global in scope if allowed.
2011-04-24 21:58:53,277 - Velocimacro : autoload off : VM system will not automatically reload global library macros
